<?xml version="1.0" encoding="UTF-8"?>
<testsuites name="jest tests" tests="23" failures="0" time="4.434">
  <testsuite name="Render" errors="0" failures="0" skipped="0" timestamp="2023-02-24T15:45:58" time="2.647" tests="9">
    <testcase classname="Render Render should render component with value in BackUp Server Nodes" name="Render Render should render component with value in BackUp Server Nodes" time="0.016">
    </testcase>
    <testcase classname="Render Render should render component with value in Use Backup Server field" name="Render Render should render component with value in Use Backup Server field" time="0.005">
    </testcase>
    <testcase classname="Render Render should render component with value in Host" name="Render Render should render component with value in Host" time="0.004">
    </testcase>
    <testcase classname="Render Render should render component with value in Port" name="Render Render should render component with value in Port" time="0.003">
    </testcase>
    <testcase classname="Render Render should render component with value in Database" name="Render Render should render component with value in Database" time="0.004">
    </testcase>
    <testcase classname="Render Render should render component with value in User" name="Render Render should render component with value in User" time="0.004">
    </testcase>
    <testcase classname="Render Render should render component with value in Password" name="Render Render should render component with value in Password" time="0.009">
    </testcase>
    <testcase classname="Render Render should render component with value in SSL" name="Render Render should render component with value in SSL" time="0.004">
    </testcase>
    <testcase classname="Render Render should render component with value in setUp" name="Render Render should render component with value in setUp" time="0.004">
    </testcase>
  </testsuite>
  <testsuite name="Query Editor Test cases" errors="0" failures="0" skipped="0" timestamp="2023-02-24T15:46:01" time="0.397" tests="10">
    <testcase classname="Query Editor Test cases should handle minimal query" name="Query Editor Test cases should handle minimal query" time="0">
    </testcase>
    <testcase classname="Query Editor Test cases should handle minimal query with rawQuery on" name="Query Editor Test cases should handle minimal query with rawQuery on" time="0.001">
    </testcase>
    <testcase classname="Query Editor Test cases should handle basic query with From fields filled" name="Query Editor Test cases should handle basic query with From fields filled" time="0">
    </testcase>
    <testcase classname="Query Editor Test cases should handle basic query with values in from field and rawquery On" name="Query Editor Test cases should handle basic query with values in from field and rawquery On" time="0">
    </testcase>
    <testcase classname="Query Editor Test cases should handle basic query with From and Select fields filled" name="Query Editor Test cases should handle basic query with From and Select fields filled" time="0">
    </testcase>
    <testcase classname="Query Editor Test cases should handle basic query with values in From ,Select fields and rawquery On" name="Query Editor Test cases should handle basic query with values in From ,Select fields and rawquery On" time="0.001">
    </testcase>
    <testcase classname="Query Editor Test cases should handle basic query with all fields filled" name="Query Editor Test cases should handle basic query with all fields filled" time="0">
    </testcase>
    <testcase classname="Query Editor Test cases should handle basic query with values in all fields and rawquery On" name="Query Editor Test cases should handle basic query with values in all fields and rawquery On" time="0">
    </testcase>
    <testcase classname="Query Editor Test cases should handle complex query with value in group,select,where" name="Query Editor Test cases should handle complex query with value in group,select,where" time="0.001">
    </testcase>
    <testcase classname="Query Editor Test cases should handle complex query with value in group,select,where with rawQuery On" name="Query Editor Test cases should handle complex query with value in group,select,where with rawQuery On" time="0">
    </testcase>
  </testsuite>
  <testsuite name="undefined" errors="0" failures="0" skipped="0" timestamp="2023-02-24T15:46:01" time="0.345" tests="1">
    <testcase classname=" Checking working functionality of toSelectableValue function" name=" Checking working functionality of toSelectableValue function" time="0.002">
    </testcase>
  </testsuite>
  <testsuite name="undefined" errors="0" failures="0" skipped="0" timestamp="2023-02-24T15:46:01" time="0.348" tests="3">
    <testcase classname=" Verifying functionality of unwrap function keeping value null" name=" Verifying functionality of unwrap function keeping value null" time="0.002">
    </testcase>
    <testcase classname=" Verifying functionality of unwrap function keeping value undefined" name=" Verifying functionality of unwrap function keeping value undefined" time="0.001">
    </testcase>
    <testcase classname="  Verifying functionality of unwrap function passing numeric value" name="  Verifying functionality of unwrap function passing numeric value" time="0.001">
    </testcase>
  </testsuite>
</testsuites>